<?xml version="1.0" encoding="UTF-8"?>
<!-- Generated by org.testng.reporters.JUnitXMLReporter -->
<testsuite ignored="0" hostname="DESKTOP-4NCKS56" failures="0" tests="11" name="Main" time="141.562" errors="0" timestamp="2024-03-29T18:01:50 EET">
  <testcase classname="basetest.TestsNG" name="clickDrag" time="2.292"/>
  <testcase classname="basetest.TestsNG" name="testMoveElement1" time="14.569"/>
  <testcase classname="basetest.TestsNG" name="testMoveElement2" time="14.42"/>
  <testcase classname="basetest.TestsNG" name="testMoveElement3" time="14.156"/>
  <testcase classname="basetest.TestsNG" name="testMoveElement4" time="15.226"/>
  <testcase classname="basetest.TestsNG" name="testMoveElement5" time="14.575"/>
  <testcase classname="basetest.TestsNG" name="testMoveElement6" time="14.567"/>
  <testcase classname="basetest.TestsNG" name="testMoveElement7" time="14.726"/>
  <testcase classname="basetest.TestsNG" name="testMoveElement8" time="14.319"/>
  <testcase classname="basetest.TestsNG" name="testMoveElement9" time="14.131"/>
  <testcase classname="basetest.TestsNG" name="finishRobot" time="8.371"/>
</testsuite> <!-- Main -->
